<?xml version="1.0" encoding="UTF-8"?>
<!-- Generated by org.testng.reporters.JUnitReportReporter -->
<testsuite hostname="LAPTOP-C4NT0Q10" failures="0" tests="2" name="com.CartTest" time="38.043" errors="0" timestamp="9 Jun 2022 04:30:36 GMT">
  <testcase classname="com.CartTest" name="addToCart" time="5.525"/>
  <testcase classname="com.CartTest" name="cartDelete" time="32.518"/>
</testsuite> <!-- com.CartTest -->
