<?xml version="1.0" encoding="UTF-8"?>
<!-- Generated by org.testng.reporters.JUnitReportReporter -->
<testsuite hostname="LAPTOP-C4NT0Q10" failures="0" tests="4" name="com.LoginTest" time="12.364" errors="0" timestamp="9 Jun 2022 04:30:36 GMT">
  <testcase classname="com.LoginTest" name="invalidUsername" time="0.787"/>
  <testcase classname="com.LoginTest" name="validUserWithInvalidPassword" time="1.277"/>
  <testcase classname="com.LoginTest" name="validLogin" time="1.667"/>
  <testcase classname="com.LoginTest" name="blankFieldsLogin" time="8.633"/>
</testsuite> <!-- com.LoginTest -->
